# JRE version: Java(TM) SE Runtime Environment (8.0_91-b14) (build 1.8.0_91-b14)
# Java VM: Java HotSpot(TM) 64-Bit Server VM (25.91-b14 mixed mode linux-amd64 compressed oops)
Heap:
 PSYoungGen      total 232960K, used 0K [0x00000000eab00000, 0x0000000100000000, 0x0000000100000000)
  eden space 116736K, 0% used [0x00000000eab00000,0x00000000eab00000,0x00000000f1d00000)
  from space 116224K, 0% used [0x00000000f1d00000,0x00000000f1d00000,0x00000000f8e80000)
  to   space 116224K, 0% used [0x00000000f8e80000,0x00000000f8e80000,0x0000000100000000)
 ParOldGen       total 332288K, used 231408K [0x00000000c0000000, 0x00000000d4480000, 0x00000000eab00000)
  object space 332288K, 69% used [0x00000000c0000000,0x00000000ce1fc1e0,0x00000000d4480000)
 Metaspace       used 6404K, capacity 7192K, committed 7424K, reserved 1056768K
  class space    used 610K, capacity 656K, committed 768K, reserved 1048576K
GC Heap History (10 events):
Event: 24.767 GC heap after
Heap after GC invocations=17 (full 4):
 PSYoungGen      total 223232K, used 0K [0x00000000eab00000, 0x0000000100000000, 0x0000000100000000)
  eden space 119808K, 0% used [0x00000000eab00000,0x00000000eab00000,0x00000000f2000000)
  from space 103424K, 0% used [0x00000000f2000000,0x00000000f2000000,0x00000000f8500000)
  to   space 100352K, 0% used [0x00000000f9e00000,0x00000000f9e00000,0x0000000100000000)
 ParOldGen       total 332288K, used 208983K [0x00000000c0000000, 0x00000000d4480000, 0x00000000eab00000)
  object space 332288K, 62% used [0x00000000c0000000,0x00000000ccc15c48,0x00000000d4480000)
 Metaspace       used 6336K, capacity 7192K, committed 7424K, reserved 1056768K
  class space    used 610K, capacity 656K, committed 768K, reserved 1048576K
}
Event: 25.572 GC heap before
{Heap before GC invocations=18 (full 4):
 PSYoungGen      total 223232K, used 119808K [0x00000000eab00000, 0x0000000100000000, 0x0000000100000000)
  eden space 119808K, 100% used [0x00000000eab00000,0x00000000f2000000,0x00000000f2000000)
  from space 103424K, 0% used [0x00000000f2000000,0x00000000f2000000,0x00000000f8500000)
  to   space 100352K, 0% used [0x00000000f9e00000,0x00000000f9e00000,0x0000000100000000)
 ParOldGen       total 332288K, used 208983K [0x00000000c0000000, 0x00000000d4480000, 0x00000000eab00000)
  object space 332288K, 62% used [0x00000000c0000000,0x00000000ccc15c48,0x00000000d4480000)
 Metaspace       used 6364K, capacity 7192K, committed 7424K, reserved 1056768K
  class space    used 610K, capacity 656K, committed 768K, reserved 1048576K
Event: 25.705 GC heap after
Heap after GC invocations=18 (full 4):
 PSYoungGen      total 226304K, used 25689K [0x00000000eab00000, 0x00000000ff080000, 0x0000000100000000)
  eden space 141824K, 0% used [0x00000000eab00000,0x00000000eab00000,0x00000000f3580000)
  from space 84480K, 30% used [0x00000000f9e00000,0x00000000fb716440,0x00000000ff080000)
  to   space 95744K, 0% used [0x00000000f3580000,0x00000000f3580000,0x00000000f9300000)
 ParOldGen       total 332288K, used 208991K [0x00000000c0000000, 0x00000000d4480000, 0x00000000eab00000)
  object space 332288K, 62% used [0x00000000c0000000,0x00000000ccc17c48,0x00000000d4480000)
 Metaspace       used 6364K, capacity 7192K, committed 7424K, reserved 1056768K
  class space    used 610K, capacity 656K, committed 768K, reserved 1048576K
}
Event: 27.383 GC heap before
{Heap before GC invocations=19 (full 4):
 PSYoungGen      total 226304K, used 167513K [0x00000000eab00000, 0x00000000ff080000, 0x0000000100000000)
  eden space 141824K, 100% used [0x00000000eab00000,0x00000000f3580000,0x00000000f3580000)
  from space 84480K, 30% used [0x00000000f9e00000,0x00000000fb716440,0x00000000ff080000)
  to   space 95744K, 0% used [0x00000000f3580000,0x00000000f3580000,0x00000000f9300000)
 ParOldGen       total 332288K, used 208991K [0x00000000c0000000, 0x00000000d4480000, 0x00000000eab00000)
  object space 332288K, 62% used [0x00000000c0000000,0x00000000ccc17c48,0x00000000d4480000)
 Metaspace       used 6385K, capacity 7192K, committed 7424K, reserved 1056768K
  class space    used 610K, capacity 656K, committed 768K, reserved 1048576K
Event: 27.681 GC heap after
Heap after GC invocations=19 (full 4):
 PSYoungGen      total 237568K, used 86117K [0x00000000eab00000, 0x0000000100000000, 0x0000000100000000)
  eden space 141824K, 0% used [0x00000000eab00000,0x00000000eab00000,0x00000000f3580000)
  from space 95744K, 89% used [0x00000000f3580000,0x00000000f8999738,0x00000000f9300000)
  to   space 108544K, 0% used [0x00000000f9600000,0x00000000f9600000,0x0000000100000000)
 ParOldGen       total 332288K, used 208991K [0x00000000c0000000, 0x00000000d4480000, 0x00000000eab00000)
  object space 332288K, 62% used [0x00000000c0000000,0x00000000ccc17c48,0x00000000d4480000)
 Metaspace       used 6385K, capacity 7192K, committed 7424K, reserved 1056768K
  class space    used 610K, capacity 656K, committed 768K, reserved 1048576K
}
Event: 28.361 GC heap before
{Heap before GC invocations=20 (full 4):
 PSYoungGen      total 237568K, used 227941K [0x00000000eab00000, 0x0000000100000000, 0x0000000100000000)
  eden space 141824K, 100% used [0x00000000eab00000,0x00000000f3580000,0x00000000f3580000)
  from space 95744K, 89% used [0x00000000f3580000,0x00000000f8999738,0x00000000f9300000)
  to   space 108544K, 0% used [0x00000000f9600000,0x00000000f9600000,0x0000000100000000)
 ParOldGen       total 332288K, used 208991K [0x00000000c0000000, 0x00000000d4480000, 0x00000000eab00000)
  object space 332288K, 62% used [0x00000000c0000000,0x00000000ccc17c48,0x00000000d4480000)
 Metaspace       used 6389K, capacity 7192K, committed 7424K, reserved 1056768K
  class space    used 610K, capacity 656K, committed 768K, reserved 1048576K
Event: 28.807 GC heap after
Heap after GC invocations=20 (full 4):
 PSYoungGen      total 225280K, used 108540K [0x00000000eab00000, 0x0000000100000000, 0x0000000100000000)
  eden space 116736K, 0% used [0x00000000eab00000,0x00000000eab00000,0x00000000f1d00000)
  from space 108544K, 99% used [0x00000000f9600000,0x00000000fffff2f0,0x0000000100000000)
  to   space 116224K, 0% used [0x00000000f1d00000,0x00000000f1d00000,0x00000000f8e80000)
 ParOldGen       total 332288K, used 244484K [0x00000000c0000000, 0x00000000d4480000, 0x00000000eab00000)
  object space 332288K, 73% used [0x00000000c0000000,0x00000000ceec1140,0x00000000d4480000)
 Metaspace       used 6389K, capacity 7192K, committed 7424K, reserved 1056768K
  class space    used 610K, capacity 656K, committed 768K, reserved 1048576K
}
Event: 29.218 GC heap before
{Heap before GC invocations=21 (full 4):
 PSYoungGen      total 225280K, used 225276K [0x00000000eab00000, 0x0000000100000000, 0x0000000100000000)
  eden space 116736K, 100% used [0x00000000eab00000,0x00000000f1d00000,0x00000000f1d00000)
  from space 108544K, 99% used [0x00000000f9600000,0x00000000fffff2f0,0x0000000100000000)
  to   space 116224K, 0% used [0x00000000f1d00000,0x00000000f1d00000,0x00000000f8e80000)
 ParOldGen       total 332288K, used 244484K [0x00000000c0000000, 0x00000000d4480000, 0x00000000eab00000)
  object space 332288K, 73% used [0x00000000c0000000,0x00000000ceec1140,0x00000000d4480000)
 Metaspace       used 6404K, capacity 7192K, committed 7424K, reserved 1056768K
  class space    used 610K, capacity 656K, committed 768K, reserved 1048576K
Event: 29.568 GC heap after
Heap after GC invocations=21 (full 4):
 PSYoungGen      total 232960K, used 116218K [0x00000000eab00000, 0x0000000100000000, 0x0000000100000000)
  eden space 116736K, 0% used [0x00000000eab00000,0x00000000eab00000,0x00000000f1d00000)
  from space 116224K, 99% used [0x00000000f1d00000,0x00000000f8e7ebd0,0x00000000f8e80000)
  to   space 116224K, 0% used [0x00000000f8e80000,0x00000000f8e80000,0x0000000100000000)
 ParOldGen       total 332288K, used 281968K [0x00000000c0000000, 0x00000000d4480000, 0x00000000eab00000)
  object space 332288K, 84% used [0x00000000c0000000,0x00000000d135c3b0,0x00000000d4480000)
 Metaspace       used 6404K, capacity 7192K, committed 7424K, reserved 1056768K
  class space    used 610K, capacity 656K, committed 768K, reserved 1048576K
}
Event: 29.568 GC heap before
{Heap before GC invocations=22 (full 5):
 PSYoungGen      total 232960K, used 116218K [0x00000000eab00000, 0x0000000100000000, 0x0000000100000000)
  eden space 116736K, 0% used [0x00000000eab00000,0x00000000eab00000,0x00000000f1d00000)
  from space 116224K, 99% used [0x00000000f1d00000,0x00000000f8e7ebd0,0x00000000f8e80000)
  to   space 116224K, 0% used [0x00000000f8e80000,0x00000000f8e80000,0x0000000100000000)
 ParOldGen       total 332288K, used 281968K [0x00000000c0000000, 0x00000000d4480000, 0x00000000eab00000)
  object space 332288K, 84% used [0x00000000c0000000,0x00000000d135c3b0,0x00000000d4480000)
 Metaspace       used 6404K, capacity 7192K, committed 7424K, reserved 1056768K
  class space    used 610K, capacity 656K, committed 768K, reserved 1048576K

